{"contracts\\C12USDToken.sol":{"l":{"39":6,"40":6,"41":6,"42":6,"43":6,"46":6,"54":20,"55":20,"56":18,"57":17,"59":16,"60":16,"68":6,"69":6,"70":6,"71":6,"73":4,"74":4,"81":4,"82":4,"83":4,"84":4,"88":1,"89":1,"90":1,"91":1,"95":3,"99":1,"103":3,"104":3,"112":20,"113":20,"122":0},"path":"C:\\Users\\tabor\\Downloads\\C12USD_project\\C12USD\\contracts\\C12USDToken.sol","s":{"1":6,"2":6,"3":6,"4":6,"5":6,"6":6,"7":20,"8":20,"9":18,"10":17,"11":16,"12":16,"13":6,"14":6,"15":6,"16":6,"17":4,"18":4,"19":4,"20":4,"21":4,"22":1,"23":1,"24":1,"25":3,"26":1,"27":3,"28":3,"29":20,"30":20,"31":0},"b":{"1":[22,2],"2":[22,0],"3":[20,2],"4":[20,0],"5":[18,2],"6":[17,1],"7":[16,1],"8":[6,1],"9":[6,0],"10":[6,0],"11":[6,0],"12":[6,0],"13":[6,0],"14":[4,2],"15":[4,0],"16":[4,0],"17":[1,0],"18":[1,0],"19":[3,0],"20":[1,0],"21":[1,2],"22":[20,1],"23":[20,0]},"f":{"1":6,"2":20,"3":6,"4":4,"5":1,"6":3,"7":1,"8":3,"9":20,"10":0},"fnMap":{"1":{"name":"constructor","line":37,"loc":{"start":{"line":33,"column":4},"end":{"line":47,"column":4}}},"2":{"name":"pilotMint","line":53,"loc":{"start":{"line":49,"column":4},"end":{"line":61,"column":4}}},"3":{"name":"pilotBurn","line":67,"loc":{"start":{"line":63,"column":4},"end":{"line":75,"column":4}}},"4":{"name":"tripCircuitBreaker","line":79,"loc":{"start":{"line":77,"column":4},"end":{"line":85,"column":4}}},"5":{"name":"resetCircuitBreaker","line":87,"loc":{"start":{"line":87,"column":4},"end":{"line":92,"column":4}}},"6":{"name":"pause","line":94,"loc":{"start":{"line":94,"column":4},"end":{"line":96,"column":4}}},"7":{"name":"unpause","line":98,"loc":{"start":{"line":98,"column":4},"end":{"line":100,"column":4}}},"8":{"name":"remainingPilotSupply","line":102,"loc":{"start":{"line":102,"column":4},"end":{"line":105,"column":4}}},"9":{"name":"_beforeTokenTransfer","line":111,"loc":{"start":{"line":107,"column":4},"end":{"line":114,"column":4}}},"10":{"name":"supportsInterface","line":116,"loc":{"start":{"line":116,"column":4},"end":{"line":123,"column":4}}}},"statementMap":{"1":{"start":{"line":39,"column":8},"end":{"line":39,"column":45}},"2":{"start":{"line":40,"column":8},"end":{"line":40,"column":38}},"3":{"start":{"line":41,"column":8},"end":{"line":41,"column":38}},"4":{"start":{"line":42,"column":8},"end":{"line":42,"column":38}},"5":{"start":{"line":43,"column":8},"end":{"line":43,"column":47}},"6":{"start":{"line":46,"column":8},"end":{"line":46,"column":33}},"7":{"start":{"line":54,"column":8},"end":{"line":54,"column":75}},"8":{"start":{"line":55,"column":8},"end":{"line":55,"column":94}},"9":{"start":{"line":56,"column":8},"end":{"line":56,"column":71}},"10":{"start":{"line":57,"column":8},"end":{"line":57,"column":70}},"11":{"start":{"line":59,"column":8},"end":{"line":59,"column":24}},"12":{"start":{"line":60,"column":8},"end":{"line":60,"column":47}},"13":{"start":{"line":68,"column":8},"end":{"line":68,"column":75}},"14":{"start":{"line":69,"column":8},"end":{"line":69,"column":75}},"15":{"start":{"line":70,"column":8},"end":{"line":70,"column":70}},"16":{"start":{"line":71,"column":8},"end":{"line":71,"column":81}},"17":{"start":{"line":73,"column":8},"end":{"line":73,"column":26}},"18":{"start":{"line":74,"column":8},"end":{"line":74,"column":49}},"19":{"start":{"line":81,"column":8},"end":{"line":81,"column":80}},"20":{"start":{"line":83,"column":8},"end":{"line":83,"column":15}},"21":{"start":{"line":84,"column":8},"end":{"line":84,"column":54}},"22":{"start":{"line":88,"column":8},"end":{"line":88,"column":75}},"23":{"start":{"line":90,"column":8},"end":{"line":90,"column":17}},"24":{"start":{"line":91,"column":8},"end":{"line":91,"column":44}},"25":{"start":{"line":95,"column":8},"end":{"line":95,"column":15}},"26":{"start":{"line":99,"column":8},"end":{"line":99,"column":17}},"27":{"start":{"line":103,"column":8},"end":{"line":103,"column":39}},"28":{"start":{"line":104,"column":8},"end":{"line":104,"column":75}},"29":{"start":{"line":112,"column":8},"end":{"line":112,"column":75}},"30":{"start":{"line":113,"column":8},"end":{"line":113,"column":51}},"31":{"start":{"line":122,"column":8},"end":{"line":122,"column":51}}},"branchMap":{"1":{"line":53,"type":"if","locations":[{"start":{"line":53,"column":15},"end":{"line":53,"column":15}},{"start":{"line":53,"column":15},"end":{"line":53,"column":15}}]},"2":{"line":53,"type":"if","locations":[{"start":{"line":53,"column":37},"end":{"line":53,"column":37}},{"start":{"line":53,"column":37},"end":{"line":53,"column":37}}]},"3":{"line":53,"type":"if","locations":[{"start":{"line":53,"column":50},"end":{"line":53,"column":50}},{"start":{"line":53,"column":50},"end":{"line":53,"column":50}}]},"4":{"line":54,"type":"if","locations":[{"start":{"line":54,"column":8},"end":{"line":54,"column":8}},{"start":{"line":54,"column":8},"end":{"line":54,"column":8}}]},"5":{"line":55,"type":"if","locations":[{"start":{"line":55,"column":8},"end":{"line":55,"column":8}},{"start":{"line":55,"column":8},"end":{"line":55,"column":8}}]},"6":{"line":56,"type":"if","locations":[{"start":{"line":56,"column":8},"end":{"line":56,"column":8}},{"start":{"line":56,"column":8},"end":{"line":56,"column":8}}]},"7":{"line":57,"type":"if","locations":[{"start":{"line":57,"column":8},"end":{"line":57,"column":8}},{"start":{"line":57,"column":8},"end":{"line":57,"column":8}}]},"8":{"line":67,"type":"if","locations":[{"start":{"line":67,"column":15},"end":{"line":67,"column":15}},{"start":{"line":67,"column":15},"end":{"line":67,"column":15}}]},"9":{"line":67,"type":"if","locations":[{"start":{"line":67,"column":37},"end":{"line":67,"column":37}},{"start":{"line":67,"column":37},"end":{"line":67,"column":37}}]},"10":{"line":67,"type":"if","locations":[{"start":{"line":67,"column":50},"end":{"line":67,"column":50}},{"start":{"line":67,"column":50},"end":{"line":67,"column":50}}]},"11":{"line":68,"type":"if","locations":[{"start":{"line":68,"column":8},"end":{"line":68,"column":8}},{"start":{"line":68,"column":8},"end":{"line":68,"column":8}}]},"12":{"line":69,"type":"if","locations":[{"start":{"line":69,"column":8},"end":{"line":69,"column":8}},{"start":{"line":69,"column":8},"end":{"line":69,"column":8}}]},"13":{"line":70,"type":"if","locations":[{"start":{"line":70,"column":8},"end":{"line":70,"column":8}},{"start":{"line":70,"column":8},"end":{"line":70,"column":8}}]},"14":{"line":71,"type":"if","locations":[{"start":{"line":71,"column":8},"end":{"line":71,"column":8}},{"start":{"line":71,"column":8},"end":{"line":71,"column":8}}]},"15":{"line":79,"type":"if","locations":[{"start":{"line":79,"column":8},"end":{"line":79,"column":8}},{"start":{"line":79,"column":8},"end":{"line":79,"column":8}}]},"16":{"line":81,"type":"if","locations":[{"start":{"line":81,"column":8},"end":{"line":81,"column":8}},{"start":{"line":81,"column":8},"end":{"line":81,"column":8}}]},"17":{"line":87,"type":"if","locations":[{"start":{"line":87,"column":44},"end":{"line":87,"column":44}},{"start":{"line":87,"column":44},"end":{"line":87,"column":44}}]},"18":{"line":88,"type":"if","locations":[{"start":{"line":88,"column":8},"end":{"line":88,"column":8}},{"start":{"line":88,"column":8},"end":{"line":88,"column":8}}]},"19":{"line":94,"type":"if","locations":[{"start":{"line":94,"column":30},"end":{"line":94,"column":30}},{"start":{"line":94,"column":30},"end":{"line":94,"column":30}}]},"20":{"line":98,"type":"if","locations":[{"start":{"line":98,"column":32},"end":{"line":98,"column":32}},{"start":{"line":98,"column":32},"end":{"line":98,"column":32}}]},"21":{"line":104,"type":"if","locations":[{"start":{"line":104,"column":45},"end":{"line":104,"column":45}},{"start":{"line":104,"column":49},"end":{"line":104,"column":74}}]},"22":{"line":111,"type":"if","locations":[{"start":{"line":111,"column":24},"end":{"line":111,"column":24}},{"start":{"line":111,"column":24},"end":{"line":111,"column":24}}]},"23":{"line":112,"type":"if","locations":[{"start":{"line":112,"column":8},"end":{"line":112,"column":8}},{"start":{"line":112,"column":8},"end":{"line":112,"column":8}}]}}},"contracts\\MintRedeemGateway.sol":{"l":{"56":3,"57":3,"59":3,"62":3,"63":3,"64":3,"84":14,"85":13,"86":12,"87":11,"90":10,"98":10,"99":10,"102":7,"103":7,"106":7,"108":7,"128":5,"129":5,"130":5,"131":5,"134":4,"142":4,"143":4,"146":3,"147":3,"150":3,"152":2,"159":2,"166":0,"179":10,"201":4,"217":1,"224":1},"path":"C:\\Users\\tabor\\Downloads\\C12USD_project\\C12USD\\contracts\\MintRedeemGateway.sol","s":{"1":3,"2":3,"3":3,"4":3,"5":3,"6":14,"7":13,"8":12,"9":11,"10":10,"11":10,"12":10,"13":7,"14":7,"15":7,"16":5,"17":5,"18":5,"19":5,"20":4,"21":4,"22":4,"23":3,"24":3,"25":2,"26":2,"27":0,"28":10,"29":4,"30":1,"31":1},"b":{"1":[3,0],"2":[3,0],"3":[15,0],"4":[14,1],"5":[13,1],"6":[12,1],"7":[11,1],"8":[10,1],"9":[7,3],"10":[5,0],"11":[5,0],"12":[5,0],"13":[5,0],"14":[5,0],"15":[4,1],"16":[3,1],"17":[2,0],"18":[0,0]},"f":{"1":3,"2":14,"3":5,"4":2,"5":0,"6":10,"7":4,"8":1,"9":1},"fnMap":{"1":{"name":"constructor","line":55,"loc":{"start":{"line":55,"column":4},"end":{"line":65,"column":4}}},"2":{"name":"executeMint","line":83,"loc":{"start":{"line":76,"column":4},"end":{"line":109,"column":4}}},"3":{"name":"executeRedeem","line":127,"loc":{"start":{"line":120,"column":4},"end":{"line":153,"column":4}}},"4":{"name":"pause","line":158,"loc":{"start":{"line":158,"column":4},"end":{"line":160,"column":4}}},"5":{"name":"unpause","line":165,"loc":{"start":{"line":165,"column":4},"end":{"line":167,"column":4}}},"6":{"name":"_getMintMessageHash","line":172,"loc":{"start":{"line":172,"column":4},"end":{"line":189,"column":4}}},"7":{"name":"_getRedeemMessageHash","line":194,"loc":{"start":{"line":194,"column":4},"end":{"line":211,"column":4}}},"8":{"name":"isNonceUsed","line":216,"loc":{"start":{"line":216,"column":4},"end":{"line":218,"column":4}}},"9":{"name":"version","line":223,"loc":{"start":{"line":223,"column":4},"end":{"line":225,"column":4}}}},"statementMap":{"1":{"start":{"line":56,"column":8},"end":{"line":56,"column":76}},"2":{"start":{"line":57,"column":8},"end":{"line":57,"column":70}},"3":{"start":{"line":62,"column":8},"end":{"line":62,"column":45}},"4":{"start":{"line":63,"column":8},"end":{"line":63,"column":38}},"5":{"start":{"line":64,"column":8},"end":{"line":64,"column":38}},"6":{"start":{"line":84,"column":8},"end":{"line":84,"column":69}},"7":{"start":{"line":85,"column":8},"end":{"line":85,"column":71}},"8":{"start":{"line":86,"column":8},"end":{"line":86,"column":73}},"9":{"start":{"line":87,"column":8},"end":{"line":87,"column":65}},"10":{"start":{"line":90,"column":8},"end":{"line":90,"column":3120}},"11":{"start":{"line":98,"column":8},"end":{"line":98,"column":92}},"12":{"start":{"line":99,"column":8},"end":{"line":99,"column":74}},"13":{"start":{"line":103,"column":8},"end":{"line":103,"column":29}},"14":{"start":{"line":106,"column":8},"end":{"line":106,"column":60}},"15":{"start":{"line":108,"column":8},"end":{"line":108,"column":64}},"16":{"start":{"line":128,"column":8},"end":{"line":128,"column":67}},"17":{"start":{"line":129,"column":8},"end":{"line":129,"column":71}},"18":{"start":{"line":130,"column":8},"end":{"line":130,"column":73}},"19":{"start":{"line":131,"column":8},"end":{"line":131,"column":65}},"20":{"start":{"line":134,"column":8},"end":{"line":134,"column":4718}},"21":{"start":{"line":142,"column":8},"end":{"line":142,"column":92}},"22":{"start":{"line":143,"column":8},"end":{"line":143,"column":74}},"23":{"start":{"line":147,"column":8},"end":{"line":147,"column":29}},"24":{"start":{"line":150,"column":8},"end":{"line":150,"column":55}},"25":{"start":{"line":152,"column":8},"end":{"line":152,"column":61}},"26":{"start":{"line":159,"column":8},"end":{"line":159,"column":15}},"27":{"start":{"line":166,"column":8},"end":{"line":166,"column":17}},"28":{"start":{"line":179,"column":8},"end":{"line":179,"column":5907}},"29":{"start":{"line":201,"column":8},"end":{"line":201,"column":6425}},"30":{"start":{"line":217,"column":8},"end":{"line":217,"column":32}},"31":{"start":{"line":224,"column":8},"end":{"line":224,"column":22}}},"branchMap":{"1":{"line":56,"type":"if","locations":[{"start":{"line":56,"column":8},"end":{"line":56,"column":8}},{"start":{"line":56,"column":8},"end":{"line":56,"column":8}}]},"2":{"line":57,"type":"if","locations":[{"start":{"line":57,"column":8},"end":{"line":57,"column":8}},{"start":{"line":57,"column":8},"end":{"line":57,"column":8}}]},"3":{"line":83,"type":"if","locations":[{"start":{"line":83,"column":15},"end":{"line":83,"column":15}},{"start":{"line":83,"column":15},"end":{"line":83,"column":15}}]},"4":{"line":83,"type":"if","locations":[{"start":{"line":83,"column":28},"end":{"line":83,"column":28}},{"start":{"line":83,"column":28},"end":{"line":83,"column":28}}]},"5":{"line":84,"type":"if","locations":[{"start":{"line":84,"column":8},"end":{"line":84,"column":8}},{"start":{"line":84,"column":8},"end":{"line":84,"column":8}}]},"6":{"line":85,"type":"if","locations":[{"start":{"line":85,"column":8},"end":{"line":85,"column":8}},{"start":{"line":85,"column":8},"end":{"line":85,"column":8}}]},"7":{"line":86,"type":"if","locations":[{"start":{"line":86,"column":8},"end":{"line":86,"column":8}},{"start":{"line":86,"column":8},"end":{"line":86,"column":8}}]},"8":{"line":87,"type":"if","locations":[{"start":{"line":87,"column":8},"end":{"line":87,"column":8}},{"start":{"line":87,"column":8},"end":{"line":87,"column":8}}]},"9":{"line":99,"type":"if","locations":[{"start":{"line":99,"column":8},"end":{"line":99,"column":8}},{"start":{"line":99,"column":8},"end":{"line":99,"column":8}}]},"10":{"line":127,"type":"if","locations":[{"start":{"line":127,"column":15},"end":{"line":127,"column":15}},{"start":{"line":127,"column":15},"end":{"line":127,"column":15}}]},"11":{"line":127,"type":"if","locations":[{"start":{"line":127,"column":28},"end":{"line":127,"column":28}},{"start":{"line":127,"column":28},"end":{"line":127,"column":28}}]},"12":{"line":128,"type":"if","locations":[{"start":{"line":128,"column":8},"end":{"line":128,"column":8}},{"start":{"line":128,"column":8},"end":{"line":128,"column":8}}]},"13":{"line":129,"type":"if","locations":[{"start":{"line":129,"column":8},"end":{"line":129,"column":8}},{"start":{"line":129,"column":8},"end":{"line":129,"column":8}}]},"14":{"line":130,"type":"if","locations":[{"start":{"line":130,"column":8},"end":{"line":130,"column":8}},{"start":{"line":130,"column":8},"end":{"line":130,"column":8}}]},"15":{"line":131,"type":"if","locations":[{"start":{"line":131,"column":8},"end":{"line":131,"column":8}},{"start":{"line":131,"column":8},"end":{"line":131,"column":8}}]},"16":{"line":143,"type":"if","locations":[{"start":{"line":143,"column":8},"end":{"line":143,"column":8}},{"start":{"line":143,"column":8},"end":{"line":143,"column":8}}]},"17":{"line":158,"type":"if","locations":[{"start":{"line":158,"column":30},"end":{"line":158,"column":30}},{"start":{"line":158,"column":30},"end":{"line":158,"column":30}}]},"18":{"line":165,"type":"if","locations":[{"start":{"line":165,"column":32},"end":{"line":165,"column":32}},{"start":{"line":165,"column":32},"end":{"line":165,"column":32}}]}}},"contracts\\mocks\\MockLayerZeroEndpoint.sol":{"l":{"15":6,"16":6,"20":0},"path":"C:\\Users\\tabor\\Downloads\\C12USD_project\\C12USD\\contracts\\mocks\\MockLayerZeroEndpoint.sol","s":{"1":6,"2":0},"b":{},"f":{"1":6,"2":0,"3":0},"fnMap":{"1":{"name":"setDelegate","line":14,"loc":{"start":{"line":14,"column":4},"end":{"line":17,"column":4}}},"2":{"name":"getDelegate","line":19,"loc":{"start":{"line":19,"column":4},"end":{"line":21,"column":4}}},"3":{"name":"send","line":24,"loc":{"start":{"line":24,"column":4},"end":{"line":29,"column":4}}}},"statementMap":{"1":{"start":{"line":16,"column":8},"end":{"line":16,"column":47}},"2":{"start":{"line":20,"column":8},"end":{"line":20,"column":31}}},"branchMap":{}}}