TN:
SF:C:\Users\tabor\Downloads\C12USD_project\C12USD\contracts\C12USDToken.sol
FN:37,constructor
FN:53,pilotMint
FN:67,pilotBurn
FN:79,tripCircuitBreaker
FN:87,resetCircuitBreaker
FN:94,pause
FN:98,unpause
FN:102,remainingPilotSupply
FN:111,_beforeTokenTransfer
FN:116,supportsInterface
FNF:10
FNH:9
FNDA:6,constructor
FNDA:20,pilotMint
FNDA:6,pilotBurn
FNDA:4,tripCircuitBreaker
FNDA:1,resetCircuitBreaker
FNDA:3,pause
FNDA:1,unpause
FNDA:3,remainingPilotSupply
FNDA:20,_beforeTokenTransfer
FNDA:0,supportsInterface
DA:39,6
DA:40,6
DA:41,6
DA:42,6
DA:43,6
DA:46,6
DA:54,20
DA:55,20
DA:56,18
DA:57,17
DA:59,16
DA:60,16
DA:68,6
DA:69,6
DA:70,6
DA:71,6
DA:73,4
DA:74,4
DA:81,4
DA:82,4
DA:83,4
DA:84,4
DA:88,1
DA:89,1
DA:90,1
DA:91,1
DA:95,3
DA:99,1
DA:103,3
DA:104,3
DA:112,20
DA:113,20
DA:122,0
LF:33
LH:32
BRDA:53,1,0,22
BRDA:53,1,1,2
BRDA:53,2,0,22
BRDA:53,2,1,0
BRDA:53,3,0,20
BRDA:53,3,1,2
BRDA:54,4,0,20
BRDA:54,4,1,0
BRDA:55,5,0,18
BRDA:55,5,1,2
BRDA:56,6,0,17
BRDA:56,6,1,1
BRDA:57,7,0,16
BRDA:57,7,1,1
BRDA:67,8,0,6
BRDA:67,8,1,1
BRDA:67,9,0,6
BRDA:67,9,1,0
BRDA:67,10,0,6
BRDA:67,10,1,0
BRDA:68,11,0,6
BRDA:68,11,1,0
BRDA:69,12,0,6
BRDA:69,12,1,0
BRDA:70,13,0,6
BRDA:70,13,1,0
BRDA:71,14,0,4
BRDA:71,14,1,2
BRDA:79,15,0,4
BRDA:79,15,1,0
BRDA:81,16,0,4
BRDA:81,16,1,0
BRDA:87,17,0,1
BRDA:87,17,1,0
BRDA:88,18,0,1
BRDA:88,18,1,0
BRDA:94,19,0,3
BRDA:94,19,1,0
BRDA:98,20,0,1
BRDA:98,20,1,0
BRDA:104,21,0,1
BRDA:104,21,1,2
BRDA:111,22,0,20
BRDA:111,22,1,1
BRDA:112,23,0,20
BRDA:112,23,1,0
BRF:46
BRH:32
end_of_record
TN:
SF:C:\Users\tabor\Downloads\C12USD_project\C12USD\contracts\MintRedeemGateway.sol
FN:55,constructor
FN:83,executeMint
FN:127,executeRedeem
FN:158,pause
FN:165,unpause
FN:172,_getMintMessageHash
FN:194,_getRedeemMessageHash
FN:216,isNonceUsed
FN:223,version
FNF:9
FNH:8
FNDA:3,constructor
FNDA:14,executeMint
FNDA:5,executeRedeem
FNDA:2,pause
FNDA:0,unpause
FNDA:10,_getMintMessageHash
FNDA:4,_getRedeemMessageHash
FNDA:1,isNonceUsed
FNDA:1,version
DA:56,3
DA:57,3
DA:59,3
DA:62,3
DA:63,3
DA:64,3
DA:84,14
DA:85,13
DA:86,12
DA:87,11
DA:90,10
DA:98,10
DA:99,10
DA:102,7
DA:103,7
DA:106,7
DA:108,7
DA:128,5
DA:129,5
DA:130,5
DA:131,5
DA:134,4
DA:142,4
DA:143,4
DA:146,3
DA:147,3
DA:150,3
DA:152,2
DA:159,2
DA:166,0
DA:179,10
DA:201,4
DA:217,1
DA:224,1
LF:34
LH:33
BRDA:56,1,0,3
BRDA:56,1,1,0
BRDA:57,2,0,3
BRDA:57,2,1,0
BRDA:83,3,0,15
BRDA:83,3,1,0
BRDA:83,4,0,14
BRDA:83,4,1,1
BRDA:84,5,0,13
BRDA:84,5,1,1
BRDA:85,6,0,12
BRDA:85,6,1,1
BRDA:86,7,0,11
BRDA:86,7,1,1
BRDA:87,8,0,10
BRDA:87,8,1,1
BRDA:99,9,0,7
BRDA:99,9,1,3
BRDA:127,10,0,5
BRDA:127,10,1,0
BRDA:127,11,0,5
BRDA:127,11,1,0
BRDA:128,12,0,5
BRDA:128,12,1,0
BRDA:129,13,0,5
BRDA:129,13,1,0
BRDA:130,14,0,5
BRDA:130,14,1,0
BRDA:131,15,0,4
BRDA:131,15,1,1
BRDA:143,16,0,3
BRDA:143,16,1,1
BRDA:158,17,0,2
BRDA:158,17,1,0
BRDA:165,18,0,0
BRDA:165,18,1,0
BRF:36
BRH:25
end_of_record
TN:
SF:C:\Users\tabor\Downloads\C12USD_project\C12USD\contracts\mocks\MockLayerZeroEndpoint.sol
FN:14,setDelegate
FN:19,getDelegate
FN:24,send
FNF:3
FNH:1
FNDA:6,setDelegate
FNDA:0,getDelegate
FNDA:0,send
DA:15,6
DA:16,6
DA:20,0
LF:3
LH:2
BRF:0
BRH:0
end_of_record
